------------------------------------------------------------
Creo Simulate Structure Version P-10-28:spg
Summary for Design Study "Shaft_Bending_Analysis"
Wed Dec 06, 2017   18:40:51
------------------------------------------------------------

Run Settings
   Memory allocation for block solver: 512.0     

Parallel Processing Status
   Parallel task limit for current run:            4
   Parallel task limit for current platform:      64
   Number of processors detected automatically:    4
Checking the model before creating elements...
These checks take into account the fact that AutoGEM will
automatically create elements in volumes with material
properties, on surfaces with shell properties, and on curves
with beam section properties.
   Generate elements automatically.
Checking the model after creating elements...
No errors were found in the model.
Creo Simulate Structure Model Summary

   Principal System of Units: Inch lbm Second (Pro/E Default)

   Length:          in
   Mass:            lbm
   Time:            sec
   Temperature:     F

   Model Type: Three Dimensional

   Points:                723
   Edges:                3405
   Faces:                4759

   Springs:                 0
   Masses:                  0
   Beams:                   0
   Shells:                  0
   Solids:               2076

   Elements:             2076

------------------------------------------------------------

Standard Design Study

Static Analysis "Shaft_Bending_Analysis":

   Convergence Method: Single-Pass Adaptive
   Plotting Grid:      4

   Convergence Loop Log:                         (18:40:58)

   >> Pass  1 <<
         Calculating Element Equations           (18:40:58)
            Total Number of Equations:   33087
            Maximum Edge Order:              3
         Solving Equations                       (18:40:59)
         Post-Processing Solution                (18:41:00)
         Checking Convergence                    (18:41:00)
         Resource Check                          (18:41:01)
            Elapsed Time     (sec):       9.50
            CPU Time         (sec):       8.05
            Memory Usage      (kb):     608166
            Wrk Dir Dsk Usage (kb):      40960

   >> Pass  2 <<
         Calculating Element Equations           (18:41:01)
            Total Number of Equations:   79206
            Maximum Edge Order:              7
         Solving Equations                       (18:41:04)
         Post-Processing Solution                (18:41:06)
         Checking Convergence                    (18:41:07)
         Calculating Disp and Stress Results     (18:41:08)

         RMS Stress Error Estimates:

         Load Set          Stress Error  % of Max Prin Str
         ----------------  ------------  -----------------
         LoadSet1           6.05e+03       1.3% of  4.81e+05

         Resource Check                          (18:41:10)
            Elapsed Time     (sec):      19.18
            CPU Time         (sec):      18.44
            Memory Usage      (kb):     639577
            Wrk Dir Dsk Usage (kb):     137216

   Total Mass of Model:  2.336019e-02

   Total Cost of Model:  0.000000e+00

   Mass Moments of Inertia about WCS Origin:

     Ixx:  1.44542e-01
     Ixy: -1.37101e-09  Iyy:  1.82192e-04
     Ixz:  6.80719e-12  Iyz:  8.55420e-05  Izz:  1.44546e-01

   Principal MMOI and Principal Axes Relative to WCS Origin:

            Max Prin           Mid Prin           Min Prin
           1.44546e-01        1.44542e-01        1.82141e-04

   WCS X:  0.00000e+00        1.00000e+00        9.49718e-09
   WCS Y:  5.92545e-04       -9.49718e-09        1.00000e+00
   WCS Z:  1.00000e+00        5.62751e-12       -5.92545e-04

   Center of Mass Location Relative to WCS Origin:
                  (-2.00031e-09,  2.03901e+00, -1.32663e-03)

   Mass Moments of Inertia about the Center of Mass:

     Ixx:  4.74205e-02
     Ixy: -1.46629e-09  Iyy:  1.82151e-04
     Ixz:  6.86918e-12  Iyz:  2.23522e-05  Izz:  4.74239e-02

   Principal MMOI and Principal Axes Relative to COM:

            Max Prin           Mid Prin           Min Prin
           4.74239e-02        4.74205e-02        1.82140e-04

   WCS X:  1.82368e-06        1.00000e+00        3.10403e-08
   WCS Y:  4.73144e-04       -3.19032e-08        1.00000e+00
   WCS Z:  1.00000e+00       -1.82367e-06       -4.73144e-04

   Constraint Set: ConstraintSet1: KEYEDSHAFT

   Load Set: LoadSet1: KEYEDSHAFT

      Resultant Load on Model:
         in global X direction: -6.665779e-13
         in global Y direction:  3.801404e-13
         in global Z direction: -2.000000e+02

      Measures:

      max_beam_bending:   0.000000e+00
      max_beam_tensile:   0.000000e+00
      max_beam_torsion:   0.000000e+00
      max_beam_total:     0.000000e+00
      max_disp_mag:       3.183846e-06
      max_disp_x:         5.880253e-08
      max_disp_y:         9.871919e-07
      max_disp_z:        -3.047979e-06
      max_prin_mag*:     -4.809767e+05
      max_rot_mag:        0.000000e+00
      max_rot_x:          0.000000e+00
      max_rot_y:          0.000000e+00
      max_rot_z:          0.000000e+00
      max_stress_prin*:   4.388665e+05
      max_stress_vm*:     3.268719e+05
      max_stress_xx*:    -1.881545e+05
      max_stress_xy*:    -8.363915e+04
      max_stress_xz*:    -3.207482e+04
      max_stress_yy*:    -3.612373e+05
      max_stress_yz*:     1.566016e+05
      max_stress_zz*:    -2.462467e+05
      min_stress_prin*:  -4.809767e+05
      strain_energy:      1.452210e-04

   ** Warning: The measures marked by an asterisk (*) were evaluated 
   at (or close to) results singularities. The values of these  
   measures may be inaccurate, and you must use engineering judgment 
   when interpreting them.

Analysis "Shaft_Bending_Analysis" Completed  (18:41:11)

------------------------------------------------------------

Memory and Disk Usage:

   Machine Type: Windows 64 
   RAM Allocation for Solver (megabytes): 512.0

   Total Elapsed Time (seconds): 19.64     
   Total CPU Time     (seconds): 18.50     
   Maximum Memory Usage (kilobytes): 639577    
   Working Directory Disk Usage (kilobytes): 137216    

   Results Directory Size (kilobytes):
   21922 .\Shaft_Bending_Analysis

   Maximum Data Base Working File Sizes (kilobytes):
   119808 .\Shaft_Bending_Analysis.tmp\kel1.bas
   17408 .\Shaft_Bending_Analysis.tmp\oel1.bas

------------------------------------------------------------
Run Completed
Wed Dec 06, 2017   18:41:11
------------------------------------------------------------
